Build started 4/22/2017 4:36:21 PM.
     1>Project "C:\Users\Walookado\documents\visual studio 2013\Projects\LED Cube Simulation\LED Cube Simulation\LED Cube Simulation.vcxproj" on node 2 (Build target(s)).
     1>ClCompile:
         C:\Program Files (x86)\Microsoft Visual Studio 12.0\VC\bin\CL.exe /c /Zi /nologo /W3 /WX- /sdl /O2 /Oi /Oy- /GL /D _MBCS /Gm- /EHsc /MD /GS /Gy /fp:precise /Zc:wchar_t /Zc:forScope /Fo"Release\\" /Fd"Release\vc120.pdb" /Gd /TP /analyze- /errorReport:prompt ..\cubeSim.cpp
         cubeSim.cpp
     1>..\cubeSim.cpp(62): warning C4244: 'initializing' : conversion from 'double' to 'int', possible loss of data
     1>..\cubeSim.cpp(63): warning C4244: 'initializing' : conversion from 'double' to 'int', possible loss of data
     1>..\cubeSim.cpp(918): warning C4244: '=' : conversion from 'double' to 'int', possible loss of data
     1>..\cubeSim.cpp(919): warning C4244: '+=' : conversion from 'double' to 'int', possible loss of data
     1>..\cubeSim.cpp(921): warning C4244: 'argument' : conversion from 'double' to 'int', possible loss of data
     1>..\cubeSim.cpp(922): warning C4244: '+=' : conversion from 'double' to 'int', possible loss of data
     1>..\cubeSim.cpp(925): warning C4244: '=' : conversion from 'double' to 'int', possible loss of data
     1>..\cubeSim.cpp(926): warning C4244: '=' : conversion from 'double' to 'int', possible loss of data
     1>..\cubeSim.cpp(928): warning C4244: 'argument' : conversion from 'double' to 'int', possible loss of data
     1>..\cubeSim.cpp(929): warning C4244: 'argument' : conversion from 'double' to 'int', possible loss of data
     1>..\cubeSim.cpp(930): warning C4244: 'argument' : conversion from 'double' to 'int', possible loss of data
     1>..\cubeSim.cpp(931): warning C4244: 'argument' : conversion from 'double' to 'int', possible loss of data
     1>..\cubeSim.cpp(932): warning C4244: 'argument' : conversion from 'double' to 'int', possible loss of data
     1>..\cubeSim.cpp(933): warning C4244: 'argument' : conversion from 'double' to 'int', possible loss of data
     1>..\cubeSim.cpp(934): warning C4244: 'argument' : conversion from 'double' to 'int', possible loss of data
     1>..\cubeSim.cpp(935): warning C4244: 'argument' : conversion from 'double' to 'int', possible loss of data
     1>..\cubeSim.cpp(936): warning C4244: 'argument' : conversion from 'double' to 'int', possible loss of data
     1>..\cubeSim.cpp(941): warning C4244: '=' : conversion from 'double' to 'int', possible loss of data
     1>..\cubeSim.cpp(942): warning C4244: '=' : conversion from 'double' to 'int', possible loss of data
     1>..\cubeSim.cpp(947): warning C4244: '=' : conversion from 'double' to 'int', possible loss of data
     1>..\cubeSim.cpp(948): warning C4244: '+=' : conversion from 'double' to 'int', possible loss of data
     1>..\cubeSim.cpp(950): warning C4244: 'argument' : conversion from 'double' to 'int', possible loss of data
     1>..\cubeSim.cpp(951): warning C4244: '+=' : conversion from 'double' to 'int', possible loss of data
     1>..\cubeSim.cpp(954): warning C4244: '=' : conversion from 'double' to 'int', possible loss of data
     1>..\cubeSim.cpp(955): warning C4244: '=' : conversion from 'double' to 'int', possible loss of data
     1>..\cubeSim.cpp(957): warning C4244: 'argument' : conversion from 'double' to 'int', possible loss of data
     1>..\cubeSim.cpp(958): warning C4244: 'argument' : conversion from 'double' to 'int', possible loss of data
     1>..\cubeSim.cpp(959): warning C4244: 'argument' : conversion from 'double' to 'int', possible loss of data
     1>..\cubeSim.cpp(960): warning C4244: 'argument' : conversion from 'double' to 'int', possible loss of data
     1>..\cubeSim.cpp(961): warning C4244: 'argument' : conversion from 'double' to 'int', possible loss of data
     1>..\cubeSim.cpp(962): warning C4244: 'argument' : conversion from 'double' to 'int', possible loss of data
     1>..\cubeSim.cpp(963): warning C4244: 'argument' : conversion from 'double' to 'int', possible loss of data
     1>..\cubeSim.cpp(964): warning C4244: 'argument' : conversion from 'double' to 'int', possible loss of data
     1>..\cubeSim.cpp(965): warning C4244: 'argument' : conversion from 'double' to 'int', possible loss of data
       Link:
         C:\Program Files (x86)\Microsoft Visual Studio 12.0\VC\bin\link.exe /ERRORREPORT:PROMPT /OUT:"C:\Users\Walookado\documents\visual studio 2013\Projects\LED Cube Simulation\Release\LED Cube Simulation.exe" /NOLOGO kernel32.lib user32.lib gdi32.lib winspool.lib comdlg32.lib advapi32.lib shell32.lib ole32.lib oleaut32.lib uuid.lib odbc32.lib odbccp32.lib /MANIFEST /MANIFESTUAC:"level='asInvoker' uiAccess='false'" /manifest:embed /DEBUG /PDB:"C:\Users\Walookado\documents\visual studio 2013\Projects\LED Cube Simulation\Release\LED Cube Simulation.pdb" /OPT:REF /OPT:ICF /LTCG /TLBID:1 /DYNAMICBASE /NXCOMPAT /IMPLIB:"C:\Users\Walookado\documents\visual studio 2013\Projects\LED Cube Simulation\Release\LED Cube Simulation.lib" /MACHINE:X86 /SAFESEH Release\cubeSim.obj
         ..\SOIL.lib
         Generating code
         Finished generating code
         LED Cube Simulation.vcxproj -> C:\Users\Walookado\documents\visual studio 2013\Projects\LED Cube Simulation\Release\LED Cube Simulation.exe
     1>Done Building Project "C:\Users\Walookado\documents\visual studio 2013\Projects\LED Cube Simulation\LED Cube Simulation\LED Cube Simulation.vcxproj" (Build target(s)).

Build succeeded.

Time Elapsed 00:00:01.68
